2022-09-30 14:23:55:038 => WinForm start
2022-09-30 14:23:56:945 => share_Form01 Start
2022-09-30 14:23:59:981 => share_Form01 Close
2022-09-30 14:24:00:955 => WinForm Close
2022-09-30 14:24:51:013 => Start APP
2022-09-30 14:24:53:054 => Colse APP
2022-09-30 14:27:25:877 => WinForm start
2022-09-30 14:27:27:431 => share_Form01 Start
2022-09-30 14:27:29:219 => share_Form01 Close
2022-09-30 14:27:30:483 => WinForm Close
2022-09-30 14:27:42:672 => WinForm Start
2022-09-30 14:27:44:058 => share_Form01 Start
2022-09-30 14:27:45:323 => share_Form01 Close
2022-09-30 14:27:46:108 => WinForm Close
2022-09-30 14:27:49:165 => Start APP
2022-09-30 14:27:50:752 => Colse APP
2022-09-30 14:28:10:025 => WinForm start
2022-09-30 14:28:11:402 => share_Form01 Start
2022-09-30 14:28:12:707 => share_Form01 Close
2022-09-30 14:28:13:245 => WinForm Close
2022-09-30 14:28:50:879 => WinForm start
2022-09-30 14:28:51:899 => share_Form01 Start
2022-09-30 14:28:53:275 => share_Form01 Close
2022-09-30 14:28:53:923 => WinForm Close
